platforms/android/build/outputs/logs/manifest-merger-debug-report.txt
-- Merging decision tree log ---
manifest
ADDED from platforms\android\AndroidManifest.xml:2:1-41:12
	package
		ADDED from platforms\android\AndroidManifest.xml:2:98-125
		INJECTED from platforms\android\AndroidManifest.xml
		INJECTED from platforms\android\AndroidManifest.xml
	android:versionName
		ADDED from platforms\android\AndroidManifest.xml:2:71-97
		INJECTED from platforms\android\AndroidManifest.xml
		INJECTED from platforms\android\AndroidManifest.xml
	android:hardwareAccelerated
		ADDED from platforms\android\AndroidManifest.xml:2:11-45
	android:versionCode
		ADDED from platforms\android\AndroidManifest.xml:2:46-70
		INJECTED from platforms\android\AndroidManifest.xml
		INJECTED from platforms\android\AndroidManifest.xml
	xmlns:android
		ADDED from platforms\android\AndroidManifest.xml:2:126-184
supports-screens
ADDED from platforms\android\AndroidManifest.xml:3:5-191
	android:largeScreens
		ADDED from platforms\android\AndroidManifest.xml:3:49-76
	android:smallScreens
		ADDED from platforms\android\AndroidManifest.xml:3:132-159
	android:normalScreens
		ADDED from platforms\android\AndroidManifest.xml:3:77-105
	android:xlargeScreens
		ADDED from platforms\android\AndroidManifest.xml:3:160-188
	android:resizeable
		ADDED from platforms\android\AndroidManifest.xml:3:106-131
	android:anyDensity
		ADDED from platforms\android\AndroidManifest.xml:3:23-48
uses-permission#android.permission.ACCESS_WIFI_STATE
ADDED from platforms\android\AndroidManifest.xml:4:5-76
	android:name
		ADDED from platforms\android\AndroidManifest.xml:4:22-73
application
ADDED from platforms\android\AndroidManifest.xml:5:5-23:19
MERGED from [com.android.support:support-v13:23.1.1] AndroidManifest.xml:22:5-20
MERGED from [com.android.support:support-v4:23.1.1] AndroidManifest.xml:22:5-20
MERGED from [android.com.phonegap.plugins.facebookconnect:FacebookLib:unspecified:release] AndroidManifest.xml:22:5-20
MERGED from [com.android.support:support-v13:23.1.1] AndroidManifest.xml:22:5-20
MERGED from [com.android.support:support-v4:23.1.1] AndroidManifest.xml:22:5-20
MERGED from [com.android.support:support-v13:23.1.1] AndroidManifest.xml:22:5-20
MERGED from [com.android.support:support-v4:23.1.1] AndroidManifest.xml:22:5-20
MERGED from [android:VolleyLib:unspecified] AndroidManifest.xml:9:5-20
	android:label
		ADDED from platforms\android\AndroidManifest.xml:5:83-115
	android:supportsRtl
		ADDED from platforms\android\AndroidManifest.xml:5:116-142
	android:hardwareAccelerated
		ADDED from platforms\android\AndroidManifest.xml:5:18-52
	android:icon
		ADDED from platforms\android\AndroidManifest.xml:5:53-82
activity#com.younetco.test.MainActivity
ADDED from platforms\android\AndroidManifest.xml:6:9-11:20
	android:label
		ADDED from platforms\android\AndroidManifest.xml:6:97-134
	android:launchMode
		ADDED from platforms\android\AndroidManifest.xml:6:135-165
	android:windowSoftInputMode
		ADDED from platforms\android\AndroidManifest.xml:6:266-308
	android:configChanges
		ADDED from platforms\android\AndroidManifest.xml:6:19-96
	android:theme
		ADDED from platforms\android\AndroidManifest.xml:6:212-265
	android:name
		ADDED from platforms\android\AndroidManifest.xml:6:166-211
intent-filter#android.intent.action.MAIN+android.intent.category.LAUNCHER
ADDED from platforms\android\AndroidManifest.xml:7:13-10:29
	android:label
		ADDED from platforms\android\AndroidManifest.xml:7:28-65
action#android.intent.action.MAIN
ADDED from platforms\android\AndroidManifest.xml:8:17-69
	android:name
		ADDED from platforms\android\AndroidManifest.xml:8:25-66
category#android.intent.category.LAUNCHER
ADDED from platforms\android\AndroidManifest.xml:9:17-77
	android:name
		ADDED from platforms\android\AndroidManifest.xml:9:27-74
activity#com.plugin.gcm.PushHandlerActivity
ADDED from platforms\android\AndroidManifest.xml:12:9-95
	android:exported
		ADDED from platforms\android\AndroidManifest.xml:12:19-42
	android:name
		ADDED from platforms\android\AndroidManifest.xml:12:43-92
receiver#com.plugin.gcm.CordovaGCMBroadcastReceiver
ADDED from platforms\android\AndroidManifest.xml:13:9-19:20
	android:permission
		ADDED from platforms\android\AndroidManifest.xml:13:77-137
	android:name
		ADDED from platforms\android\AndroidManifest.xml:13:19-76
intent-filter#com.google.android.c2dm.intent.RECEIVE+com.google.android.c2dm.intent.REGISTRATION+com.younetco.test
ADDED from platforms\android\AndroidManifest.xml:14:13-18:29
action#com.google.android.c2dm.intent.RECEIVE
ADDED from platforms\android\AndroidManifest.xml:15:17-81
	android:name
		ADDED from platforms\android\AndroidManifest.xml:15:25-78
action#com.google.android.c2dm.intent.REGISTRATION
ADDED from platforms\android\AndroidManifest.xml:16:17-86
	android:name
		ADDED from platforms\android\AndroidManifest.xml:16:25-83
category#com.younetco.test
ADDED from platforms\android\AndroidManifest.xml:17:17-62
	android:name
		ADDED from platforms\android\AndroidManifest.xml:17:27-59
service#com.plugin.gcm.GCMIntentService
ADDED from platforms\android\AndroidManifest.xml:20:9-67
	android:name
		ADDED from platforms\android\AndroidManifest.xml:20:18-64
meta-data#com.facebook.sdk.ApplicationId
ADDED from platforms\android\AndroidManifest.xml:21:9-102
	android:value
		ADDED from platforms\android\AndroidManifest.xml:21:66-99
	android:name
		ADDED from platforms\android\AndroidManifest.xml:21:20-65
activity#com.facebook.LoginActivity
ADDED from platforms\android\AndroidManifest.xml:22:9-159
	android:label
		ADDED from platforms\android\AndroidManifest.xml:22:19-54
	android:theme
		ADDED from platforms\android\AndroidManifest.xml:22:97-156
	android:name
		ADDED from platforms\android\AndroidManifest.xml:22:55-96
uses-sdk
ADDED from platforms\android\AndroidManifest.xml:24:5-74
MERGED from [com.android.support:support-v13:23.1.1] AndroidManifest.xml:20:5-44
MERGED from [com.android.support:support-v4:23.1.1] AndroidManifest.xml:20:5-43
MERGED from [android.com.phonegap.plugins.facebookconnect:FacebookLib:unspecified:release] AndroidManifest.xml:20:5-44
MERGED from [com.android.support:support-v13:23.1.1] AndroidManifest.xml:20:5-44
MERGED from [com.android.support:support-v4:23.1.1] AndroidManifest.xml:20:5-43
MERGED from [android:CordovaLib:unspecified:release] AndroidManifest.xml:25:5-44
MERGED from [android:MenuLib:unspecified] AndroidManifest.xml:7:5-9:41
MERGED from [com.android.support:support-v13:23.1.1] AndroidManifest.xml:20:5-44
MERGED from [com.android.support:support-v4:23.1.1] AndroidManifest.xml:20:5-43
MERGED from [android:VolleyLib:unspecified] AndroidManifest.xml:7:5-43
	android:targetSdkVersion
		ADDED from platforms\android\AndroidManifest.xml:24:42-71
	android:minSdkVersion
		ADDED from platforms\android\AndroidManifest.xml:24:15-41
uses-permission#android.permission.RECORD_VIDEO
ADDED from platforms\android\AndroidManifest.xml:25:5-71
	android:name
		ADDED from platforms\android\AndroidManifest.xml:25:22-68
uses-permission#android.permission.RECORD_AUDIO
ADDED from platforms\android\AndroidManifest.xml:26:5-71
	android:name
		ADDED from platforms\android\AndroidManifest.xml:26:22-68
uses-permission#android.permission.MODIFY_AUDIO_SETTINGS
ADDED from platforms\android\AndroidManifest.xml:27:5-80
	android:name
		ADDED from platforms\android\AndroidManifest.xml:27:22-77
uses-permission#android.permission.READ_PHONE_STATE
ADDED from platforms\android\AndroidManifest.xml:28:5-75
	android:name
		ADDED from platforms\android\AndroidManifest.xml:28:22-72
uses-permission#android.permission.ACCESS_COARSE_LOCATION
ADDED from platforms\android\AndroidManifest.xml:29:5-81
	android:name
		ADDED from platforms\android\AndroidManifest.xml:29:22-78
uses-permission#android.permission.ACCESS_FINE_LOCATION
ADDED from platforms\android\AndroidManifest.xml:30:5-79
	android:name
		ADDED from platforms\android\AndroidManifest.xml:30:22-76
uses-permission#com.android.vending.BILLING
ADDED from platforms\android\AndroidManifest.xml:31:5-67
	android:name
		ADDED from platforms\android\AndroidManifest.xml:31:22-64
uses-permission#android.permission.ACCESS_NETWORK_STATE
ADDED from platforms\android\AndroidManifest.xml:32:5-79
	android:name
		ADDED from platforms\android\AndroidManifest.xml:32:22-76
uses-permission#android.permission.GET_ACCOUNTS
ADDED from platforms\android\AndroidManifest.xml:33:5-71
	android:name
		ADDED from platforms\android\AndroidManifest.xml:33:22-68
uses-permission#android.permission.WAKE_LOCK
ADDED from platforms\android\AndroidManifest.xml:34:5-68
	android:name
		ADDED from platforms\android\AndroidManifest.xml:34:22-65
uses-permission#android.permission.VIBRATE
ADDED from platforms\android\AndroidManifest.xml:35:5-66
	android:name
		ADDED from platforms\android\AndroidManifest.xml:35:22-63
uses-permission#com.google.android.c2dm.permission.RECEIVE
ADDED from platforms\android\AndroidManifest.xml:36:5-82
	android:name
		ADDED from platforms\android\AndroidManifest.xml:36:22-79
permission#com.younetco.test.permission.C2D_MESSAGE
ADDED from platforms\android\AndroidManifest.xml:37:5-111
	android:protectionLevel
		ADDED from platforms\android\AndroidManifest.xml:37:73-108
	android:name
		ADDED from platforms\android\AndroidManifest.xml:37:17-72
uses-permission#com.younetco.test.permission.C2D_MESSAGE
ADDED from platforms\android\AndroidManifest.xml:38:5-80
	android:name
		ADDED from platforms\android\AndroidManifest.xml:38:22-77
uses-permission#android.permission.INTERNET
ADDED from platforms\android\AndroidManifest.xml:39:5-67
	android:name
		ADDED from platforms\android\AndroidManifest.xml:39:22-64
uses-permission#android.permission.WRITE_EXTERNAL_STORAGE
ADDED from platforms\android\AndroidManifest.xml:40:5-81
	android:name
		ADDED from platforms\android\AndroidManifest.xml:40:22-78